[1;30m$ docker build -t cache:latest -t cache:0.1 --build-arg http_proxy=http://192.168.56.31:3128 --build-arg https_proxy=http://192.168.56.31:3128 --build-arg no_proxy=192.168.56.101,docker1.hostonly.com,gitlab.acc.edf.fr,si-devops-gitlab.edf.fr /home/harold/git/hub/deploy/docker/cache[m
Sending build context to Docker daemon   7.68kB
Step 1/14 : FROM alpine:3.7
 ---> 3fd9065eaf02
Step 2/14 : ENV CACHE_VERSION 0.1
 ---> Running in fc4c234016d9
Removing intermediate container fc4c234016d9
 ---> f4375ff068aa
Step 3/14 : ENV DOCKER_HOST 127.0.0.1
 ---> Running in cde006c6d431
Removing intermediate container cde006c6d431
 ---> 8e0621ea6550
Step 4/14 : ENV PASV_MIN_PORT 21001
 ---> Running in d6f7c9902205
Removing intermediate container d6f7c9902205
 ---> b25c18fa6540
Step 5/14 : ENV PASV_MAX_PORT 21005
 ---> Running in 9f95ab53f155
Removing intermediate container 9f95ab53f155
 ---> 1a15031b56d9
Step 6/14 : LABEL Description="HTTP/FTP Cache Server V${CACHE_VERSION} with upload support"
 ---> Running in 40783734fb93
Removing intermediate container 40783734fb93
 ---> 73395c7ea499
Step 7/14 : LABEL Usage="docker run -d --name=cache -e DOCKER_HOST=\$DOCKER_HOST --mount source=cache,target=/data  -p 80:80 -p 21:21 -p ${PASV_MIN_PORT}-${PASV_MAX_PORT}:${PASV_MIN_PORT}-${PASV_MAX_PORT} cache"
 ---> Running in 7b99e0e93aca
Removing intermediate container 7b99e0e93aca
 ---> 3aa92a32899a
Step 8/14 : RUN apk update && apk add --no-cache apache2 vsftpd     && rm -rf /var/cache/apk/*
 ---> Running in de7535ae9179
fetch http://dl-cdn.alpinelinux.org/alpine/v3.7/main/x86_64/APKINDEX.tar.gz
fetch http://dl-cdn.alpinelinux.org/alpine/v3.7/community/x86_64/APKINDEX.tar.gz
v3.7.0-74-g1540930789 [http://dl-cdn.alpinelinux.org/alpine/v3.7/main]
v3.7.0-73-g5f006fb2a0 [http://dl-cdn.alpinelinux.org/alpine/v3.7/community]
OK: 9047 distinct packages available
fetch http://dl-cdn.alpinelinux.org/alpine/v3.7/main/x86_64/APKINDEX.tar.gz
fetch http://dl-cdn.alpinelinux.org/alpine/v3.7/community/x86_64/APKINDEX.tar.gz
(1/9) Installing libuuid (2.31-r0)
(2/9) Installing apr (1.6.3-r0)
(3/9) Installing expat (2.2.5-r0)
(4/9) Installing apr-util (1.6.1-r1)
(5/9) Installing pcre (8.41-r1)
(6/9) Installing apache2 (2.4.29-r1)
Executing apache2-2.4.29-r1.pre-install
(7/9) Installing libcap (2.25-r1)
(8/9) Installing linux-pam (1.3.0-r0)
(9/9) Installing vsftpd (3.0.3-r4)
Executing vsftpd-3.0.3-r4.pre-install
Executing busybox-1.27.2-r7.trigger
OK: 9 MiB in 20 packages
Removing intermediate container de7535ae9179
 ---> f80271e0d53b
Step 9/14 : COPY entrypoint.sh /
 ---> d242d044c62b
Step 10/14 : EXPOSE 80 21
 ---> Running in 7e1e792ffb63
Removing intermediate container 7e1e792ffb63
 ---> 850c3b60d841
Step 11/14 : EXPOSE 21001-21005
 ---> Running in f3b03fca62c8
Removing intermediate container f3b03fca62c8
 ---> 4c126531d78b
Step 12/14 : VOLUME /data
 ---> Running in 8e49ec080560
Removing intermediate container 8e49ec080560
 ---> 397bdcaf12cf
Step 13/14 : ENTRYPOINT ["/entrypoint.sh"]
 ---> Running in 41faa39ebff9
Removing intermediate container 41faa39ebff9
 ---> 32a8fa8a49b2
Step 14/14 : CMD ["start"]
 ---> Running in c7e5cb9c1d7a
Removing intermediate container c7e5cb9c1d7a
 ---> 6622e4dfe2ec
Successfully built 6622e4dfe2ec
Successfully tagged cache:latest
Successfully tagged cache:0.1
